This file contains any messages produced by compilers while
running configure, to aid debugging if configure makes a mistake.

It was created by libenet configure 11-3-2003, which was
generated by GNU Autoconf 2.59.  Invocation command line was

  $ ./configure --no-create --no-recursion

## --------- ##
## Platform. ##
## --------- ##

hostname = drian
uname -m = i686
uname -r = 2.6.8-2-686
uname -s = Linux
uname -v = #1 Mon Jan 24 03:58:38 EST 2005

/usr/bin/uname -p = unknown
/bin/uname -X     = unknown

/bin/arch              = i686
/usr/bin/arch -k       = unknown
/usr/convex/getsysinfo = unknown
hostinfo               = unknown
/bin/machine           = unknown
/usr/bin/oslevel       = unknown
/bin/universe          = unknown

PATH: /usr/local/bin
PATH: /usr/bin
PATH: /bin
PATH: /usr/bin/X11
PATH: /usr/games


## ----------- ##
## Core tests. ##
## ----------- ##

configure:1311: checking for a BSD-compatible install
configure:1366: result: /usr/bin/install -c
configure:1377: checking whether build environment is sane
configure:1420: result: yes
configure:1453: checking for gawk
configure:1469: found /usr/bin/gawk
configure:1479: result: gawk
configure:1489: checking whether make sets $(MAKE)
configure:1509: result: yes
configure:1720: checking for gcc
configure:1736: found /usr/bin/gcc
configure:1746: result: gcc
configure:1990: checking for C compiler version
configure:1993: gcc --version </dev/null >&5
gcc (GCC) 3.3.5 (Debian 1:3.3.5-8)
Copyright (C) 2003 Free Software Foundation, Inc.
This is free software; see the source for copying conditions.  There is NO
warranty; not even for MERCHANTABILITY or FITNESS FOR A PARTICULAR PURPOSE.

configure:1996: $? = 0
configure:1998: gcc -v </dev/null >&5
Reading specs from /usr/lib/gcc-lib/i486-linux/3.3.5/specs
Configured with: ../src/configure -v --enable-languages=c,c++,java,f77,pascal,objc,ada,treelang --prefix=/usr --mandir=/usr/share/man --infodir=/usr/share/info --with-gxx-include-dir=/usr/include/c++/3.3 --enable-shared --with-system-zlib --enable-nls --without-included-gettext --enable-__cxa_atexit --enable-clocale=gnu --enable-debug --enable-java-gc=boehm --enable-java-awt=xlib --enable-objc-gc i486-linux
Thread model: posix
gcc version 3.3.5 (Debian 1:3.3.5-8)
configure:2001: $? = 0
configure:2003: gcc -V </dev/null >&5
gcc: `-V' option must have argument
configure:2006: $? = 1
configure:2029: checking for C compiler default output file name
configure:2032: gcc    conftest.c  >&5
configure:2035: $? = 0
configure:2081: result: a.out
configure:2086: checking whether the C compiler works
configure:2092: ./a.out
configure:2095: $? = 0
configure:2112: result: yes
configure:2119: checking whether we are cross compiling
configure:2121: result: no
configure:2124: checking for suffix of executables
configure:2126: gcc -o conftest    conftest.c  >&5
configure:2129: $? = 0
configure:2154: result: 
configure:2160: checking for suffix of object files
configure:2181: gcc -c   conftest.c >&5
configure:2184: $? = 0
configure:2206: result: o
configure:2210: checking whether we are using the GNU C compiler
configure:2234: gcc -c   conftest.c >&5
configure:2240: $? = 0
configure:2243: test -z 			 || test ! -s conftest.err
configure:2246: $? = 0
configure:2249: test -s conftest.o
configure:2252: $? = 0
configure:2265: result: yes
configure:2271: checking whether gcc accepts -g
configure:2292: gcc -c -g  conftest.c >&5
configure:2298: $? = 0
configure:2301: test -z 			 || test ! -s conftest.err
configure:2304: $? = 0
configure:2307: test -s conftest.o
configure:2310: $? = 0
configure:2321: result: yes
configure:2338: checking for gcc option to accept ANSI C
configure:2408: gcc  -c -g -O2  conftest.c >&5
configure:2414: $? = 0
configure:2417: test -z 			 || test ! -s conftest.err
configure:2420: $? = 0
configure:2423: test -s conftest.o
configure:2426: $? = 0
configure:2444: result: none needed
configure:2462: gcc -c -g -O2  conftest.c >&5
conftest.c:2: error: parse error before "me"
configure:2468: $? = 1
configure: failed program was:
| #ifndef __cplusplus
|   choke me
| #endif
configure:2609: checking for style of include used by make
configure:2637: result: GNU
configure:2665: checking dependency style of gcc
configure:2748: result: gcc3
configure:2806: checking for ranlib
configure:2822: found /usr/bin/ranlib
configure:2833: result: ranlib
configure:2847: checking for gethostbyaddr_r
configure:2904: gcc -o conftest -g -O2   conftest.c  >&5
configure:2910: $? = 0
configure:2913: test -z 			 || test ! -s conftest.err
configure:2916: $? = 0
configure:2919: test -s conftest
configure:2922: $? = 0
configure:2934: result: yes
configure:2943: checking for gethostbyname_r
configure:3000: gcc -o conftest -g -O2   conftest.c  >&5
configure:3006: $? = 0
configure:3009: test -z 			 || test ! -s conftest.err
configure:3012: $? = 0
configure:3015: test -s conftest
configure:3018: $? = 0
configure:3030: result: yes
configure:3039: checking for poll
configure:3096: gcc -o conftest -g -O2   conftest.c  >&5
configure:3102: $? = 0
configure:3105: test -z 			 || test ! -s conftest.err
configure:3108: $? = 0
configure:3111: test -s conftest
configure:3114: $? = 0
configure:3126: result: yes
configure:3135: checking for fcntl
configure:3192: gcc -o conftest -g -O2   conftest.c  >&5
configure:3198: $? = 0
configure:3201: test -z 			 || test ! -s conftest.err
configure:3204: $? = 0
configure:3207: test -s conftest
configure:3210: $? = 0
configure:3222: result: yes
configure:3232: checking for struct msghdr.msg_flags
configure:3256: gcc -c -g -O2  conftest.c >&5
configure:3262: $? = 0
configure:3265: test -z 			 || test ! -s conftest.err
configure:3268: $? = 0
configure:3271: test -s conftest.o
configure:3274: $? = 0
configure:3331: result: yes
configure:3341: checking for socklen_t
configure:3368: gcc -c -g -O2  conftest.c >&5
configure:3374: $? = 0
configure:3377: test -z 			 || test ! -s conftest.err
configure:3380: $? = 0
configure:3383: test -s conftest.o
configure:3386: $? = 0
configure:3397: result: yes
configure:3412: checking how to run the C preprocessor
configure:3447: gcc -E  conftest.c
configure:3453: $? = 0
configure:3485: gcc -E  conftest.c
conftest.c:17:28: ac_nonexistent.h: No such file or directory
configure:3491: $? = 1
configure: failed program was:
| /* confdefs.h.  */
| 
| #define PACKAGE_NAME "libenet"
| #define PACKAGE_TARNAME "libenet"
| #define PACKAGE_VERSION "11-3-2003"
| #define PACKAGE_STRING "libenet 11-3-2003"
| #define PACKAGE_BUGREPORT ""
| #define PACKAGE "libenet.a"
| #define VERSION "11-3-2003"
| #define HAS_GETHOSTBYADDR_R 1
| #define HAS_GETHOSTBYNAME_R 1
| #define HAS_POLL 1
| #define HAS_FCNTL 1
| #define HAS_MSGHDR_FLAGS 1
| #define HAS_SOCKLEN_T 1
| /* end confdefs.h.  */
| #include <ac_nonexistent.h>
configure:3530: result: gcc -E
configure:3554: gcc -E  conftest.c
configure:3560: $? = 0
configure:3592: gcc -E  conftest.c
conftest.c:17:28: ac_nonexistent.h: No such file or directory
configure:3598: $? = 1
configure: failed program was:
| /* confdefs.h.  */
| 
| #define PACKAGE_NAME "libenet"
| #define PACKAGE_TARNAME "libenet"
| #define PACKAGE_VERSION "11-3-2003"
| #define PACKAGE_STRING "libenet 11-3-2003"
| #define PACKAGE_BUGREPORT ""
| #define PACKAGE "libenet.a"
| #define VERSION "11-3-2003"
| #define HAS_GETHOSTBYADDR_R 1
| #define HAS_GETHOSTBYNAME_R 1
| #define HAS_POLL 1
| #define HAS_FCNTL 1
| #define HAS_MSGHDR_FLAGS 1
| #define HAS_SOCKLEN_T 1
| /* end confdefs.h.  */
| #include <ac_nonexistent.h>
configure:3642: checking for egrep
configure:3652: result: grep -E
conftest.c:17:20: socket.h: No such file or directory
configure:3835: creating ./config.status

## ---------------- ##
## Cache variables. ##
## ---------------- ##

ac_cv_c_compiler_gnu=yes
ac_cv_env_CC_set=
ac_cv_env_CC_value=
ac_cv_env_CFLAGS_set=
ac_cv_env_CFLAGS_value=
ac_cv_env_CPPFLAGS_set=
ac_cv_env_CPPFLAGS_value=
ac_cv_env_CPP_set=
ac_cv_env_CPP_value=
ac_cv_env_LDFLAGS_set=
ac_cv_env_LDFLAGS_value=
ac_cv_env_build_alias_set=
ac_cv_env_build_alias_value=
ac_cv_env_host_alias_set=
ac_cv_env_host_alias_value=
ac_cv_env_target_alias_set=
ac_cv_env_target_alias_value=
ac_cv_exeext=
ac_cv_func_fcntl=yes
ac_cv_func_gethostbyaddr_r=yes
ac_cv_func_gethostbyname_r=yes
ac_cv_func_poll=yes
ac_cv_member_struct_msghdr_msg_flags=yes
ac_cv_objext=o
ac_cv_path_install='/usr/bin/install -c'
ac_cv_prog_AWK=gawk
ac_cv_prog_CPP='gcc -E'
ac_cv_prog_ac_ct_CC=gcc
ac_cv_prog_ac_ct_RANLIB=ranlib
ac_cv_prog_cc_g=yes
ac_cv_prog_cc_stdc=
ac_cv_prog_egrep='grep -E'
ac_cv_prog_make_make_set=yes
ac_cv_type_socklen_t=yes
am_cv_CC_dependencies_compiler_type=gcc3

## ----------------- ##
## Output variables. ##
## ----------------- ##

ACLOCAL='${SHELL} /home/drian/projects/cubeengine/actioncube/cvs/sf/stable/ActionCube/source/enet/missing --run aclocal-1.7'
AMDEPBACKSLASH='\'
AMDEP_FALSE='#'
AMDEP_TRUE=''
AMTAR='${SHELL} /home/drian/projects/cubeengine/actioncube/cvs/sf/stable/ActionCube/source/enet/missing --run tar'
AUTOCONF='${SHELL} /home/drian/projects/cubeengine/actioncube/cvs/sf/stable/ActionCube/source/enet/missing --run autoconf'
AUTOHEADER='${SHELL} /home/drian/projects/cubeengine/actioncube/cvs/sf/stable/ActionCube/source/enet/missing --run autoheader'
AUTOMAKE='${SHELL} /home/drian/projects/cubeengine/actioncube/cvs/sf/stable/ActionCube/source/enet/missing --run automake-1.7'
AWK='gawk'
CC='gcc'
CCDEPMODE='depmode=gcc3'
CFLAGS='-g -O2'
CPP='gcc -E'
CPPFLAGS=''
CYGPATH_W='echo'
DEFS='-DPACKAGE_NAME=\"libenet\" -DPACKAGE_TARNAME=\"libenet\" -DPACKAGE_VERSION=\"11-3-2003\" -DPACKAGE_STRING=\"libenet\ 11-3-2003\" -DPACKAGE_BUGREPORT=\"\" -DPACKAGE=\"libenet.a\" -DVERSION=\"11-3-2003\" -DHAS_GETHOSTBYADDR_R=1 -DHAS_GETHOSTBYNAME_R=1 -DHAS_POLL=1 -DHAS_FCNTL=1 -DHAS_MSGHDR_FLAGS=1 -DHAS_SOCKLEN_T=1 '
DEPDIR='.deps'
ECHO_C=''
ECHO_N='-n'
ECHO_T=''
EGREP='grep -E'
EXEEXT=''
INSTALL_DATA='${INSTALL} -m 644'
INSTALL_PROGRAM='${INSTALL}'
INSTALL_SCRIPT='${INSTALL}'
INSTALL_STRIP_PROGRAM='${SHELL} $(install_sh) -c -s'
LDFLAGS=''
LIBOBJS=''
LIBS=''
LTLIBOBJS=''
MAKEINFO='${SHELL} /home/drian/projects/cubeengine/actioncube/cvs/sf/stable/ActionCube/source/enet/missing --run makeinfo'
OBJEXT='o'
PACKAGE='libenet.a'
PACKAGE_BUGREPORT=''
PACKAGE_NAME='libenet'
PACKAGE_STRING='libenet 11-3-2003'
PACKAGE_TARNAME='libenet'
PACKAGE_VERSION='11-3-2003'
PATH_SEPARATOR=':'
RANLIB='ranlib'
SET_MAKE=''
SHELL='/bin/sh'
STRIP=''
VERSION='11-3-2003'
ac_ct_CC='gcc'
ac_ct_RANLIB='ranlib'
ac_ct_STRIP=''
am__fastdepCC_FALSE='#'
am__fastdepCC_TRUE=''
am__include='include'
am__leading_dot='.'
am__quote=''
bindir='${exec_prefix}/bin'
build_alias=''
datadir='${prefix}/share'
exec_prefix='${prefix}'
host_alias=''
includedir='${prefix}/include'
infodir='${prefix}/info'
install_sh='/home/drian/projects/cubeengine/actioncube/cvs/sf/stable/ActionCube/source/enet/install-sh'
libdir='${exec_prefix}/lib'
libexecdir='${exec_prefix}/libexec'
localstatedir='${prefix}/var'
mandir='${prefix}/man'
oldincludedir='/usr/include'
prefix='/usr/local'
program_transform_name='s,x,x,'
sbindir='${exec_prefix}/sbin'
sharedstatedir='${prefix}/com'
sysconfdir='${prefix}/etc'
target_alias=''

## ----------- ##
## confdefs.h. ##
## ----------- ##

#define HAS_FCNTL 1
#define HAS_GETHOSTBYADDR_R 1
#define HAS_GETHOSTBYNAME_R 1
#define HAS_MSGHDR_FLAGS 1
#define HAS_POLL 1
#define HAS_SOCKLEN_T 1
#define PACKAGE "libenet.a"
#define PACKAGE_BUGREPORT ""
#define PACKAGE_NAME "libenet"
#define PACKAGE_STRING "libenet 11-3-2003"
#define PACKAGE_TARNAME "libenet"
#define PACKAGE_VERSION "11-3-2003"
#define VERSION "11-3-2003"

configure: exit 0

## ---------------------- ##
## Running config.status. ##
## ---------------------- ##

This file was extended by libenet config.status 11-3-2003, which was
generated by GNU Autoconf 2.59.  Invocation command line was

  CONFIG_FILES    = 
  CONFIG_HEADERS  = 
  CONFIG_LINKS    = 
  CONFIG_COMMANDS = 
  $ ./config.status Makefile depfiles

on drian

config.status:721: creating Makefile
config.status:866: executing depfiles commands

## ---------------------- ##
## Running config.status. ##
## ---------------------- ##

This file was extended by libenet config.status 11-3-2003, which was
generated by GNU Autoconf 2.59.  Invocation command line was

  CONFIG_FILES    = 
  CONFIG_HEADERS  = 
  CONFIG_LINKS    = 
  CONFIG_COMMANDS = 
  $ ./config.status include/Makefile

on drian

config.status:721: creating include/Makefile

## ---------------------- ##
## Running config.status. ##
## ---------------------- ##

This file was extended by libenet config.status 11-3-2003, which was
generated by GNU Autoconf 2.59.  Invocation command line was

  CONFIG_FILES    = 
  CONFIG_HEADERS  = 
  CONFIG_LINKS    = 
  CONFIG_COMMANDS = 
  $ ./config.status include/enet/Makefile

on drian

config.status:721: creating include/enet/Makefile
